<?xml version="1.0" encoding="UTF-8"?>
<!-- Generated by org.testng.reporters.JUnitReportReporter -->
<testsuite hostname="DESKTOP-LQS24JT" failures="0" tests="3" name="testNG.class01" time="0.013" errors="0" timestamp="2023-05-17T10:46:50 IST" skipped="1">
  <testcase classname="testNG.class01" name="tc2" time="0.003"/>
  <system-out/>
  <testcase classname="testNG.class01" name="tc1" time="0.010"/>
  <system-out/>
  <testcase classname="testNG.class01" name="containBug">
    <skipped/>
  </testcase> <!-- containBug -->
  <system-out/>
</testsuite> <!-- testNG.class01 -->
